<?xml version="1.0" encoding="UTF-8"?>
<coverage generated="1545306801589" clover="3.2.0">
  <project timestamp="1545306801590" name="All files">
    <metrics statements="90" coveredstatements="88" conditionals="32" coveredconditionals="26" methods="21" coveredmethods="20" elements="143" coveredelements="134" complexity="0" loc="90" ncloc="90" packages="5" files="17" classes="17">
      <package name="Splitr">
        <metrics statements="3" coveredstatements="3" conditionals="0" coveredconditionals="0" methods="0" coveredmethods="0"/>
        <file name="setupTests.js" path="/Users/williammuxworthy/Documents/makers_academy/Splitr/setupTests.js">
          <metrics statements="3" coveredstatements="3" conditionals="0" coveredconditionals="0" methods="0" coveredmethods="0"/>
          <line num="1" count="14" type="stmt"/>
          <line num="2" count="14" type="stmt"/>
          <line num="5" count="14" type="stmt"/>
        </file>
      </package>
      <package name="Splitr.components">
        <metrics statements="30" coveredstatements="30" conditionals="0" coveredconditionals="0" methods="12" coveredmethods="12"/>
        <file name="listItem.js" path="/Users/williammuxworthy/Documents/makers_academy/Splitr/components/listItem.js">
          <metrics statements="5" coveredstatements="5" conditionals="0" coveredconditionals="0" methods="1" coveredmethods="1"/>
          <line num="1" count="1" type="stmt"/>
          <line num="2" count="1" type="stmt"/>
          <line num="4" count="1" type="stmt"/>
          <line num="5" count="2" type="stmt"/>
          <line num="14" count="1" type="stmt"/>
        </file>
        <file name="listTask.js" path="/Users/williammuxworthy/Documents/makers_academy/Splitr/components/listTask.js">
          <metrics statements="5" coveredstatements="5" conditionals="0" coveredconditionals="0" methods="1" coveredmethods="1"/>
          <line num="1" count="1" type="stmt"/>
          <line num="2" count="1" type="stmt"/>
          <line num="4" count="1" type="stmt"/>
          <line num="5" count="2" type="stmt"/>
          <line num="15" count="1" type="stmt"/>
        </file>
        <file name="listTrip.js" path="/Users/williammuxworthy/Documents/makers_academy/Splitr/components/listTrip.js">
          <metrics statements="5" coveredstatements="5" conditionals="0" coveredconditionals="0" methods="1" coveredmethods="1"/>
          <line num="1" count="1" type="stmt"/>
          <line num="2" count="1" type="stmt"/>
          <line num="4" count="1" type="stmt"/>
          <line num="5" count="2" type="stmt"/>
          <line num="17" count="1" type="stmt"/>
        </file>
        <file name="nameInput.js" path="/Users/williammuxworthy/Documents/makers_academy/Splitr/components/nameInput.js">
          <metrics statements="5" coveredstatements="5" conditionals="0" coveredconditionals="0" methods="3" coveredmethods="3"/>
          <line num="1" count="1" type="stmt"/>
          <line num="2" count="1" type="stmt"/>
          <line num="4" count="2" type="stmt"/>
          <line num="7" count="2" type="stmt"/>
          <line num="14" count="1" type="stmt"/>
        </file>
        <file name="priceInput.js" path="/Users/williammuxworthy/Documents/makers_academy/Splitr/components/priceInput.js">
          <metrics statements="5" coveredstatements="5" conditionals="0" coveredconditionals="0" methods="3" coveredmethods="3"/>
          <line num="1" count="1" type="stmt"/>
          <line num="2" count="1" type="stmt"/>
          <line num="4" count="2" type="stmt"/>
          <line num="7" count="2" type="stmt"/>
          <line num="14" count="1" type="stmt"/>
        </file>
        <file name="submitButton.js" path="/Users/williammuxworthy/Documents/makers_academy/Splitr/components/submitButton.js">
          <metrics statements="5" coveredstatements="5" conditionals="0" coveredconditionals="0" methods="3" coveredmethods="3"/>
          <line num="1" count="1" type="stmt"/>
          <line num="2" count="1" type="stmt"/>
          <line num="4" count="2" type="stmt"/>
          <line num="7" count="2" type="stmt"/>
          <line num="14" count="1" type="stmt"/>
        </file>
      </package>
      <package name="Splitr.redux">
        <metrics statements="9" coveredstatements="8" conditionals="0" coveredconditionals="0" methods="1" coveredmethods="0"/>
        <file name="store.js" path="/Users/williammuxworthy/Documents/makers_academy/Splitr/redux/store.js">
          <metrics statements="9" coveredstatements="8" conditionals="0" coveredconditionals="0" methods="1" coveredmethods="0"/>
          <line num="1" count="4" type="stmt"/>
          <line num="2" count="4" type="stmt"/>
          <line num="3" count="4" type="stmt"/>
          <line num="4" count="4" type="stmt"/>
          <line num="5" count="4" type="stmt"/>
          <line num="7" count="4" type="stmt"/>
          <line num="14" count="4" type="stmt"/>
          <line num="15" count="0" type="stmt"/>
          <line num="18" count="4" type="stmt"/>
        </file>
      </package>
      <package name="Splitr.redux.actions">
        <metrics statements="20" coveredstatements="20" conditionals="0" coveredconditionals="0" methods="4" coveredmethods="4"/>
        <file name="name.js" path="/Users/williammuxworthy/Documents/makers_academy/Splitr/redux/actions/name.js">
          <metrics statements="4" coveredstatements="4" conditionals="0" coveredconditionals="0" methods="1" coveredmethods="1"/>
          <line num="1" count="2" type="stmt"/>
          <line num="3" count="2" type="stmt"/>
          <line num="4" count="1" type="stmt"/>
          <line num="8" count="2" type="stmt"/>
        </file>
        <file name="nameSelected.js" path="/Users/williammuxworthy/Documents/makers_academy/Splitr/redux/actions/nameSelected.js">
          <metrics statements="4" coveredstatements="4" conditionals="0" coveredconditionals="0" methods="1" coveredmethods="1"/>
          <line num="1" count="2" type="stmt"/>
          <line num="3" count="2" type="stmt"/>
          <line num="4" count="1" type="stmt"/>
          <line num="8" count="2" type="stmt"/>
        </file>
        <file name="task.js" path="/Users/williammuxworthy/Documents/makers_academy/Splitr/redux/actions/task.js">
          <metrics statements="4" coveredstatements="4" conditionals="0" coveredconditionals="0" methods="1" coveredmethods="1"/>
          <line num="1" count="2" type="stmt"/>
          <line num="3" count="2" type="stmt"/>
          <line num="4" count="1" type="stmt"/>
          <line num="8" count="2" type="stmt"/>
        </file>
        <file name="trip.js" path="/Users/williammuxworthy/Documents/makers_academy/Splitr/redux/actions/trip.js">
          <metrics statements="4" coveredstatements="4" conditionals="0" coveredconditionals="0" methods="1" coveredmethods="1"/>
          <line num="1" count="2" type="stmt"/>
          <line num="3" count="2" type="stmt"/>
          <line num="4" count="1" type="stmt"/>
          <line num="8" count="2" type="stmt"/>
        </file>
        <file name="types.js" path="/Users/williammuxworthy/Documents/makers_academy/Splitr/redux/actions/types.js">
          <metrics statements="4" coveredstatements="4" conditionals="0" coveredconditionals="0" methods="0" coveredmethods="0"/>
          <line num="1" count="8" type="stmt"/>
          <line num="2" count="8" type="stmt"/>
          <line num="3" count="8" type="stmt"/>
          <line num="4" count="8" type="stmt"/>
        </file>
      </package>
      <package name="Splitr.redux.reducers">
        <metrics statements="28" coveredstatements="27" conditionals="32" coveredconditionals="26" methods="4" coveredmethods="4"/>
        <file name="nameReducer.js" path="/Users/williammuxworthy/Documents/makers_academy/Splitr/redux/reducers/nameReducer.js">
          <metrics statements="7" coveredstatements="7" conditionals="8" coveredconditionals="7" methods="1" coveredmethods="1"/>
          <line num="1" count="4" type="stmt"/>
          <line num="3" count="4" type="stmt"/>
          <line num="7" count="11" type="cond" truecount="5" falsecount="1"/>
          <line num="8" count="11" type="cond" truecount="2" falsecount="0"/>
          <line num="10" count="2" type="stmt"/>
          <line num="18" count="9" type="stmt"/>
          <line num="22" count="4" type="stmt"/>
        </file>
        <file name="nameSelectedReducer.js" path="/Users/williammuxworthy/Documents/makers_academy/Splitr/redux/reducers/nameSelectedReducer.js">
          <metrics statements="7" coveredstatements="6" conditionals="8" coveredconditionals="5" methods="1" coveredmethods="1"/>
          <line num="1" count="4" type="stmt"/>
          <line num="3" count="4" type="stmt"/>
          <line num="7" count="9" type="cond" truecount="4" falsecount="2"/>
          <line num="8" count="9" type="cond" truecount="1" falsecount="1"/>
          <line num="10" count="0" type="stmt"/>
          <line num="17" count="9" type="stmt"/>
          <line num="22" count="4" type="stmt"/>
        </file>
        <file name="taskReducer.js" path="/Users/williammuxworthy/Documents/makers_academy/Splitr/redux/reducers/taskReducer.js">
          <metrics statements="7" coveredstatements="7" conditionals="8" coveredconditionals="7" methods="1" coveredmethods="1"/>
          <line num="1" count="4" type="stmt"/>
          <line num="3" count="4" type="stmt"/>
          <line num="7" count="11" type="cond" truecount="5" falsecount="1"/>
          <line num="8" count="11" type="cond" truecount="2" falsecount="0"/>
          <line num="10" count="2" type="stmt"/>
          <line num="18" count="9" type="stmt"/>
          <line num="23" count="4" type="stmt"/>
        </file>
        <file name="tripReducer.js" path="/Users/williammuxworthy/Documents/makers_academy/Splitr/redux/reducers/tripReducer.js">
          <metrics statements="7" coveredstatements="7" conditionals="8" coveredconditionals="7" methods="1" coveredmethods="1"/>
          <line num="1" count="4" type="stmt"/>
          <line num="3" count="4" type="stmt"/>
          <line num="8" count="11" type="cond" truecount="5" falsecount="1"/>
          <line num="9" count="11" type="cond" truecount="2" falsecount="0"/>
          <line num="11" count="2" type="stmt"/>
          <line num="20" count="9" type="stmt"/>
          <line num="24" count="4" type="stmt"/>
        </file>
      </package>
    </metrics>
  </project>
</coverage>
