{"/Users/williammuxworthy/Documents/makers_academy/Splitr/setupTests.js": {"path":"/Users/williammuxworthy/Documents/makers_academy/Splitr/setupTests.js","statementMap":{"0":{"start":{"line":1,"column":42},"end":{"line":1,"column":97}},"1":{"start":{"line":1,"column":112},"end":{"line":1,"column":129}},"2":{"start":{"line":2,"column":26},"end":{"line":2,"column":84}},"3":{"start":{"line":5,"column":0},"end":{"line":5,"column":71}}},"fnMap":{},"branchMap":{},"s":{"0":15,"1":15,"2":15,"3":15},"f":{},"b":{},"_coverageSchema":"332fd63041d2c1bcb487cc26dd0d5f7d97098a6c","hash":"e833ef6b83b61894976e57028505b73e6557f53c"}
,"/Users/williammuxworthy/Documents/makers_academy/Splitr/components/listItem.js": {"path":"/Users/williammuxworthy/Documents/makers_academy/Splitr/components/listItem.js","statementMap":{"0":{"start":{"line":1,"column":42},"end":{"line":1,"column":97}},"1":{"start":{"line":1,"column":98},"end":{"line":1,"column":160}},"2":{"start":{"line":1,"column":160},"end":{"line":1,"column":185}},"3":{"start":{"line":1,"column":198},"end":{"line":1,"column":238}},"4":{"start":{"line":2,"column":19},"end":{"line":2,"column":42}},"5":{"start":{"line":2,"column":62},"end":{"line":2,"column":142}},"6":{"start":{"line":4,"column":15},"end":{"line":12,"column":1}},"7":{"start":{"line":5,"column":2},"end":{"line":8,"column":130}},"8":{"start":{"line":14,"column":0},"end":{"line":14,"column":8}},"9":{"start":{"line":14,"column":9},"end":{"line":14,"column":36}}},"fnMap":{"0":{"name":"ListItem","decl":{"start":{"line":4,"column":24},"end":{"line":4,"column":32}},"loc":{"start":{"line":4,"column":40},"end":{"line":12,"column":1}},"line":4}},"branchMap":{},"s":{"0":1,"1":1,"2":1,"3":1,"4":1,"5":1,"6":1,"7":2,"8":1,"9":1},"f":{"0":2},"b":{},"_coverageSchema":"332fd63041d2c1bcb487cc26dd0d5f7d97098a6c","hash":"e963bad8ff405d6a065afb94b5c555ab6a387bba"}
,"/Users/williammuxworthy/Documents/makers_academy/Splitr/components/listTask.js": {"path":"/Users/williammuxworthy/Documents/makers_academy/Splitr/components/listTask.js","statementMap":{"0":{"start":{"line":1,"column":42},"end":{"line":1,"column":97}},"1":{"start":{"line":1,"column":98},"end":{"line":1,"column":160}},"2":{"start":{"line":1,"column":160},"end":{"line":1,"column":185}},"3":{"start":{"line":1,"column":198},"end":{"line":1,"column":238}},"4":{"start":{"line":2,"column":19},"end":{"line":2,"column":42}},"5":{"start":{"line":2,"column":62},"end":{"line":2,"column":142}},"6":{"start":{"line":4,"column":15},"end":{"line":13,"column":1}},"7":{"start":{"line":5,"column":2},"end":{"line":9,"column":137}},"8":{"start":{"line":15,"column":0},"end":{"line":15,"column":8}},"9":{"start":{"line":15,"column":9},"end":{"line":15,"column":36}}},"fnMap":{"0":{"name":"ListTask","decl":{"start":{"line":4,"column":24},"end":{"line":4,"column":32}},"loc":{"start":{"line":4,"column":40},"end":{"line":13,"column":1}},"line":4}},"branchMap":{},"s":{"0":1,"1":1,"2":1,"3":1,"4":1,"5":1,"6":1,"7":2,"8":1,"9":1},"f":{"0":2},"b":{},"_coverageSchema":"332fd63041d2c1bcb487cc26dd0d5f7d97098a6c","hash":"2b484f57edc7ee8a0d25491e448dcfb8133ffb29"}
,"/Users/williammuxworthy/Documents/makers_academy/Splitr/components/listTrip.js": {"path":"/Users/williammuxworthy/Documents/makers_academy/Splitr/components/listTrip.js","statementMap":{"0":{"start":{"line":1,"column":42},"end":{"line":1,"column":97}},"1":{"start":{"line":1,"column":98},"end":{"line":1,"column":160}},"2":{"start":{"line":1,"column":160},"end":{"line":1,"column":185}},"3":{"start":{"line":1,"column":198},"end":{"line":1,"column":238}},"4":{"start":{"line":2,"column":19},"end":{"line":2,"column":42}},"5":{"start":{"line":2,"column":62},"end":{"line":2,"column":142}},"6":{"start":{"line":4,"column":15},"end":{"line":15,"column":1}},"7":{"start":{"line":5,"column":2},"end":{"line":11,"column":146}},"8":{"start":{"line":17,"column":0},"end":{"line":17,"column":8}},"9":{"start":{"line":17,"column":9},"end":{"line":17,"column":36}}},"fnMap":{"0":{"name":"ListTrip","decl":{"start":{"line":4,"column":24},"end":{"line":4,"column":32}},"loc":{"start":{"line":4,"column":40},"end":{"line":15,"column":1}},"line":4}},"branchMap":{},"s":{"0":1,"1":1,"2":1,"3":1,"4":1,"5":1,"6":1,"7":2,"8":1,"9":1},"f":{"0":2},"b":{},"_coverageSchema":"332fd63041d2c1bcb487cc26dd0d5f7d97098a6c","hash":"a82b2ec93ec7a79763943e55fb1562f48c7ba6f4"}
,"/Users/williammuxworthy/Documents/makers_academy/Splitr/components/nameInput.js": {"path":"/Users/williammuxworthy/Documents/makers_academy/Splitr/components/nameInput.js","statementMap":{"0":{"start":{"line":1,"column":42},"end":{"line":1,"column":97}},"1":{"start":{"line":1,"column":98},"end":{"line":1,"column":160}},"2":{"start":{"line":1,"column":160},"end":{"line":1,"column":185}},"3":{"start":{"line":1,"column":208},"end":{"line":1,"column":280}},"4":{"start":{"line":1,"column":301},"end":{"line":1,"column":370}},"5":{"start":{"line":1,"column":405},"end":{"line":1,"column":488}},"6":{"start":{"line":1,"column":512},"end":{"line":1,"column":584}},"7":{"start":{"line":1,"column":602},"end":{"line":1,"column":668}},"8":{"start":{"line":1,"column":682},"end":{"line":1,"column":722}},"9":{"start":{"line":2,"column":19},"end":{"line":2,"column":42}},"10":{"start":{"line":2,"column":62},"end":{"line":2,"column":143}},"11":{"start":{"line":4,"column":12},"end":{"line":14,"column":54}},"12":{"start":{"line":4,"column":41},"end":{"line":4,"column":94}},"13":{"start":{"line":4,"column":116},"end":{"line":4,"column":163}},"14":{"start":{"line":4,"column":163},"end":{"line":4,"column":282}},"15":{"start":{"line":4,"column":283},"end":{"line":14,"column":10}},"16":{"start":{"line":7,"column":6},"end":{"line":11,"column":87}},"17":{"start":{"line":14,"column":10},"end":{"line":14,"column":27}},"18":{"start":{"line":14,"column":55},"end":{"line":14,"column":83}}},"fnMap":{"0":{"name":"(anonymous_0)","decl":{"start":{"line":4,"column":12},"end":{"line":4,"column":13}},"loc":{"start":{"line":4,"column":40},"end":{"line":14,"column":28}},"line":4},"1":{"name":"NameInput","decl":{"start":{"line":4,"column":103},"end":{"line":4,"column":112}},"loc":{"start":{"line":4,"column":115},"end":{"line":4,"column":283}},"line":4},"2":{"name":"render","decl":{"start":{"line":4,"column":355},"end":{"line":4,"column":361}},"loc":{"start":{"line":6,"column":4},"end":{"line":14,"column":5}},"line":6}},"branchMap":{},"s":{"0":1,"1":1,"2":1,"3":1,"4":1,"5":1,"6":1,"7":1,"8":1,"9":1,"10":1,"11":1,"12":1,"13":2,"14":2,"15":1,"16":2,"17":1,"18":1},"f":{"0":1,"1":2,"2":2},"b":{},"_coverageSchema":"332fd63041d2c1bcb487cc26dd0d5f7d97098a6c","hash":"490acac7064e1c844478ca3e805f4391a104761c"}
,"/Users/williammuxworthy/Documents/makers_academy/Splitr/components/priceInput.js": {"path":"/Users/williammuxworthy/Documents/makers_academy/Splitr/components/priceInput.js","statementMap":{"0":{"start":{"line":1,"column":42},"end":{"line":1,"column":97}},"1":{"start":{"line":1,"column":98},"end":{"line":1,"column":160}},"2":{"start":{"line":1,"column":160},"end":{"line":1,"column":185}},"3":{"start":{"line":1,"column":208},"end":{"line":1,"column":280}},"4":{"start":{"line":1,"column":301},"end":{"line":1,"column":370}},"5":{"start":{"line":1,"column":405},"end":{"line":1,"column":488}},"6":{"start":{"line":1,"column":512},"end":{"line":1,"column":584}},"7":{"start":{"line":1,"column":602},"end":{"line":1,"column":668}},"8":{"start":{"line":1,"column":682},"end":{"line":1,"column":722}},"9":{"start":{"line":2,"column":19},"end":{"line":2,"column":42}},"10":{"start":{"line":2,"column":62},"end":{"line":2,"column":144}},"11":{"start":{"line":4,"column":13},"end":{"line":14,"column":55}},"12":{"start":{"line":4,"column":42},"end":{"line":4,"column":96}},"13":{"start":{"line":4,"column":119},"end":{"line":4,"column":167}},"14":{"start":{"line":4,"column":167},"end":{"line":4,"column":287}},"15":{"start":{"line":4,"column":288},"end":{"line":14,"column":10}},"16":{"start":{"line":7,"column":6},"end":{"line":11,"column":97}},"17":{"start":{"line":14,"column":10},"end":{"line":14,"column":28}},"18":{"start":{"line":14,"column":56},"end":{"line":14,"column":85}}},"fnMap":{"0":{"name":"(anonymous_0)","decl":{"start":{"line":4,"column":13},"end":{"line":4,"column":14}},"loc":{"start":{"line":4,"column":41},"end":{"line":14,"column":29}},"line":4},"1":{"name":"PriceInput","decl":{"start":{"line":4,"column":105},"end":{"line":4,"column":115}},"loc":{"start":{"line":4,"column":118},"end":{"line":4,"column":288}},"line":4},"2":{"name":"render","decl":{"start":{"line":4,"column":361},"end":{"line":4,"column":367}},"loc":{"start":{"line":6,"column":4},"end":{"line":14,"column":5}},"line":6}},"branchMap":{},"s":{"0":1,"1":1,"2":1,"3":1,"4":1,"5":1,"6":1,"7":1,"8":1,"9":1,"10":1,"11":1,"12":1,"13":2,"14":2,"15":1,"16":2,"17":1,"18":1},"f":{"0":1,"1":2,"2":2},"b":{},"_coverageSchema":"332fd63041d2c1bcb487cc26dd0d5f7d97098a6c","hash":"c8acb7fffd7056624a73cf9535e8b83f48d7dbc0"}
,"/Users/williammuxworthy/Documents/makers_academy/Splitr/components/submitButton.js": {"path":"/Users/williammuxworthy/Documents/makers_academy/Splitr/components/submitButton.js","statementMap":{"0":{"start":{"line":1,"column":42},"end":{"line":1,"column":97}},"1":{"start":{"line":1,"column":98},"end":{"line":1,"column":160}},"2":{"start":{"line":1,"column":160},"end":{"line":1,"column":185}},"3":{"start":{"line":1,"column":208},"end":{"line":1,"column":280}},"4":{"start":{"line":1,"column":301},"end":{"line":1,"column":370}},"5":{"start":{"line":1,"column":405},"end":{"line":1,"column":488}},"6":{"start":{"line":1,"column":512},"end":{"line":1,"column":584}},"7":{"start":{"line":1,"column":602},"end":{"line":1,"column":668}},"8":{"start":{"line":1,"column":682},"end":{"line":1,"column":722}},"9":{"start":{"line":2,"column":18},"end":{"line":2,"column":40}},"10":{"start":{"line":2,"column":60},"end":{"line":2,"column":144}},"11":{"start":{"line":4,"column":15},"end":{"line":14,"column":57}},"12":{"start":{"line":4,"column":44},"end":{"line":4,"column":100}},"13":{"start":{"line":4,"column":125},"end":{"line":4,"column":175}},"14":{"start":{"line":4,"column":175},"end":{"line":4,"column":297}},"15":{"start":{"line":4,"column":298},"end":{"line":14,"column":10}},"16":{"start":{"line":7,"column":6},"end":{"line":11,"column":125}},"17":{"start":{"line":14,"column":10},"end":{"line":14,"column":30}},"18":{"start":{"line":14,"column":58},"end":{"line":14,"column":89}}},"fnMap":{"0":{"name":"(anonymous_0)","decl":{"start":{"line":4,"column":15},"end":{"line":4,"column":16}},"loc":{"start":{"line":4,"column":43},"end":{"line":14,"column":31}},"line":4},"1":{"name":"SubmitButton","decl":{"start":{"line":4,"column":109},"end":{"line":4,"column":121}},"loc":{"start":{"line":4,"column":124},"end":{"line":4,"column":298}},"line":4},"2":{"name":"render","decl":{"start":{"line":4,"column":373},"end":{"line":4,"column":379}},"loc":{"start":{"line":6,"column":4},"end":{"line":14,"column":5}},"line":6}},"branchMap":{},"s":{"0":1,"1":1,"2":1,"3":1,"4":1,"5":1,"6":1,"7":1,"8":1,"9":1,"10":1,"11":1,"12":1,"13":2,"14":2,"15":1,"16":2,"17":1,"18":1},"f":{"0":1,"1":2,"2":2},"b":{},"_coverageSchema":"332fd63041d2c1bcb487cc26dd0d5f7d97098a6c","hash":"3ab61964d9fa3a81c3357d34165635987d3f4079"}
,"/Users/williammuxworthy/Documents/makers_academy/Splitr/redux/store.js": {"path":"/Users/williammuxworthy/Documents/makers_academy/Splitr/redux/store.js","statementMap":{"0":{"start":{"line":1,"column":42},"end":{"line":1,"column":97}},"1":{"start":{"line":1,"column":98},"end":{"line":1,"column":160}},"2":{"start":{"line":1,"column":160},"end":{"line":1,"column":185}},"3":{"start":{"line":1,"column":198},"end":{"line":1,"column":214}},"4":{"start":{"line":2,"column":19},"end":{"line":2,"column":76}},"5":{"start":{"line":3,"column":19},"end":{"line":3,"column":76}},"6":{"start":{"line":4,"column":19},"end":{"line":4,"column":76}},"7":{"start":{"line":5,"column":27},"end":{"line":5,"column":92}},"8":{"start":{"line":6,"column":26},"end":{"line":6,"column":90}},"9":{"start":{"line":8,"column":18},"end":{"line":13,"column":45}},"10":{"start":{"line":16,"column":21},"end":{"line":18,"column":1}},"11":{"start":{"line":17,"column":2},"end":{"line":17,"column":46}},"12":{"start":{"line":20,"column":0},"end":{"line":20,"column":14}},"13":{"start":{"line":20,"column":15},"end":{"line":20,"column":42}}},"fnMap":{"0":{"name":"configureStore","decl":{"start":{"line":16,"column":30},"end":{"line":16,"column":44}},"loc":{"start":{"line":16,"column":47},"end":{"line":18,"column":1}},"line":16}},"branchMap":{},"s":{"0":5,"1":5,"2":5,"3":5,"4":5,"5":5,"6":5,"7":5,"8":5,"9":5,"10":5,"11":1,"12":5,"13":5},"f":{"0":1},"b":{},"_coverageSchema":"332fd63041d2c1bcb487cc26dd0d5f7d97098a6c","hash":"ce0552fb4dfbea8cdb0d6f29d95359716e3a0dab"}
,"/Users/williammuxworthy/Documents/makers_academy/Splitr/redux/actions/name.js": {"path":"/Users/williammuxworthy/Documents/makers_academy/Splitr/redux/actions/name.js","statementMap":{"0":{"start":{"line":1,"column":13},"end":{"line":1,"column":75}},"1":{"start":{"line":1,"column":75},"end":{"line":1,"column":100}},"2":{"start":{"line":1,"column":113},"end":{"line":1,"column":131}},"3":{"start":{"line":3,"column":14},"end":{"line":8,"column":1}},"4":{"start":{"line":4,"column":2},"end":{"line":6,"column":26}},"5":{"start":{"line":8,"column":2},"end":{"line":8,"column":28}}},"fnMap":{"0":{"name":"addName","decl":{"start":{"line":3,"column":23},"end":{"line":3,"column":30}},"loc":{"start":{"line":3,"column":43},"end":{"line":8,"column":1}},"line":3}},"branchMap":{},"s":{"0":2,"1":2,"2":2,"3":2,"4":1,"5":2},"f":{"0":1},"b":{},"_coverageSchema":"332fd63041d2c1bcb487cc26dd0d5f7d97098a6c","hash":"d00128dff2b1658256a937e35a5877c7dc3d3738"}
,"/Users/williammuxworthy/Documents/makers_academy/Splitr/redux/actions/nameSelected.js": {"path":"/Users/williammuxworthy/Documents/makers_academy/Splitr/redux/actions/nameSelected.js","statementMap":{"0":{"start":{"line":1,"column":13},"end":{"line":1,"column":75}},"1":{"start":{"line":1,"column":75},"end":{"line":1,"column":105}},"2":{"start":{"line":1,"column":118},"end":{"line":1,"column":136}},"3":{"start":{"line":3,"column":19},"end":{"line":8,"column":1}},"4":{"start":{"line":4,"column":2},"end":{"line":6,"column":50}},"5":{"start":{"line":8,"column":2},"end":{"line":8,"column":38}}},"fnMap":{"0":{"name":"nameSelected","decl":{"start":{"line":3,"column":28},"end":{"line":3,"column":40}},"loc":{"start":{"line":3,"column":57},"end":{"line":8,"column":1}},"line":3}},"branchMap":{},"s":{"0":2,"1":2,"2":2,"3":2,"4":1,"5":2},"f":{"0":1},"b":{},"_coverageSchema":"332fd63041d2c1bcb487cc26dd0d5f7d97098a6c","hash":"9e5ccb610cc54031c6b56b7daaf0990cd4fa3809"}
,"/Users/williammuxworthy/Documents/makers_academy/Splitr/redux/actions/task.js": {"path":"/Users/williammuxworthy/Documents/makers_academy/Splitr/redux/actions/task.js","statementMap":{"0":{"start":{"line":1,"column":13},"end":{"line":1,"column":75}},"1":{"start":{"line":1,"column":75},"end":{"line":1,"column":100}},"2":{"start":{"line":1,"column":113},"end":{"line":1,"column":131}},"3":{"start":{"line":3,"column":14},"end":{"line":8,"column":1}},"4":{"start":{"line":4,"column":2},"end":{"line":6,"column":20}},"5":{"start":{"line":8,"column":2},"end":{"line":8,"column":28}}},"fnMap":{"0":{"name":"addTask","decl":{"start":{"line":3,"column":23},"end":{"line":3,"column":30}},"loc":{"start":{"line":3,"column":37},"end":{"line":8,"column":1}},"line":3}},"branchMap":{},"s":{"0":2,"1":2,"2":2,"3":2,"4":1,"5":2},"f":{"0":1},"b":{},"_coverageSchema":"332fd63041d2c1bcb487cc26dd0d5f7d97098a6c","hash":"73f9a9188590ae6bc661db07a2d9deb3147a221a"}
,"/Users/williammuxworthy/Documents/makers_academy/Splitr/redux/actions/trip.js": {"path":"/Users/williammuxworthy/Documents/makers_academy/Splitr/redux/actions/trip.js","statementMap":{"0":{"start":{"line":1,"column":13},"end":{"line":1,"column":75}},"1":{"start":{"line":1,"column":75},"end":{"line":1,"column":100}},"2":{"start":{"line":1,"column":113},"end":{"line":1,"column":131}},"3":{"start":{"line":3,"column":14},"end":{"line":8,"column":1}},"4":{"start":{"line":4,"column":2},"end":{"line":6,"column":20}},"5":{"start":{"line":8,"column":2},"end":{"line":8,"column":28}}},"fnMap":{"0":{"name":"addTrip","decl":{"start":{"line":3,"column":23},"end":{"line":3,"column":30}},"loc":{"start":{"line":3,"column":37},"end":{"line":8,"column":1}},"line":3}},"branchMap":{},"s":{"0":2,"1":2,"2":2,"3":2,"4":1,"5":2},"f":{"0":1},"b":{},"_coverageSchema":"332fd63041d2c1bcb487cc26dd0d5f7d97098a6c","hash":"273771a6adfab9f86725958fdff354e1b1aa456e"}
,"/Users/williammuxworthy/Documents/makers_academy/Splitr/redux/actions/types.js": {"path":"/Users/williammuxworthy/Documents/makers_academy/Splitr/redux/actions/types.js","statementMap":{"0":{"start":{"line":1,"column":13},"end":{"line":1,"column":75}},"1":{"start":{"line":1,"column":75},"end":{"line":1,"column":192}},"2":{"start":{"line":1,"column":207},"end":{"line":1,"column":217}},"3":{"start":{"line":1,"column":218},"end":{"line":1,"column":246}},"4":{"start":{"line":2,"column":15},"end":{"line":2,"column":25}},"5":{"start":{"line":2,"column":26},"end":{"line":2,"column":54}},"6":{"start":{"line":3,"column":15},"end":{"line":3,"column":25}},"7":{"start":{"line":3,"column":26},"end":{"line":3,"column":54}},"8":{"start":{"line":4,"column":26},"end":{"line":4,"column":47}},"9":{"start":{"line":4,"column":48},"end":{"line":4,"column":98}},"10":{"start":{"line":5,"column":19},"end":{"line":5,"column":33}},"11":{"start":{"line":5,"column":34},"end":{"line":5,"column":70}}},"fnMap":{},"branchMap":{},"s":{"0":9,"1":9,"2":9,"3":9,"4":9,"5":9,"6":9,"7":9,"8":9,"9":9,"10":9,"11":9},"f":{},"b":{},"_coverageSchema":"332fd63041d2c1bcb487cc26dd0d5f7d97098a6c","hash":"88d5f9e6e072869371099b4d2617c7a41c5c9b52"}
,"/Users/williammuxworthy/Documents/makers_academy/Splitr/redux/reducers/assignTasksReducer.js": {"path":"/Users/williammuxworthy/Documents/makers_academy/Splitr/redux/reducers/assignTasksReducer.js","statementMap":{"0":{"start":{"line":1,"column":42},"end":{"line":1,"column":97}},"1":{"start":{"line":1,"column":98},"end":{"line":1,"column":160}},"2":{"start":{"line":1,"column":160},"end":{"line":1,"column":185}},"3":{"start":{"line":1,"column":206},"end":{"line":1,"column":276}},"4":{"start":{"line":1,"column":290},"end":{"line":1,"column":317}},"5":{"start":{"line":3,"column":19},"end":{"line":4,"column":29}},"6":{"start":{"line":7,"column":24},"end":{"line":17,"column":1}},"7":{"start":{"line":7,"column":66},"end":{"line":7,"column":146}},"8":{"start":{"line":7,"column":160},"end":{"line":7,"column":207}},"9":{"start":{"line":8,"column":2},"end":{"line":15,"column":20}},"10":{"start":{"line":10,"column":6},"end":{"line":12,"column":39}},"11":{"start":{"line":15,"column":6},"end":{"line":15,"column":19}},"12":{"start":{"line":20,"column":0},"end":{"line":20,"column":17}},"13":{"start":{"line":20,"column":18},"end":{"line":20,"column":45}}},"fnMap":{"0":{"name":"assignTaskReducer","decl":{"start":{"line":7,"column":33},"end":{"line":7,"column":50}},"loc":{"start":{"line":7,"column":53},"end":{"line":17,"column":1}},"line":7}},"branchMap":{"0":{"loc":{"start":{"line":7,"column":66},"end":{"line":7,"column":146}},"type":"cond-expr","locations":[{"start":{"line":7,"column":119},"end":{"line":7,"column":131}},{"start":{"line":7,"column":134},"end":{"line":7,"column":146}}],"line":7},"1":{"loc":{"start":{"line":7,"column":66},"end":{"line":7,"column":116}},"type":"binary-expr","locations":[{"start":{"line":7,"column":66},"end":{"line":7,"column":86}},{"start":{"line":7,"column":90},"end":{"line":7,"column":116}}],"line":7},"2":{"loc":{"start":{"line":7,"column":160},"end":{"line":7,"column":207}},"type":"cond-expr","locations":[{"start":{"line":7,"column":183},"end":{"line":7,"column":195}},{"start":{"line":7,"column":198},"end":{"line":7,"column":207}}],"line":7},"3":{"loc":{"start":{"line":8,"column":2},"end":{"line":15,"column":20}},"type":"switch","locations":[{"start":{"line":9,"column":4},"end":{"line":12,"column":39}},{"start":{"line":14,"column":4},"end":{"line":15,"column":19}}],"line":8}},"s":{"0":5,"1":5,"2":5,"3":5,"4":5,"5":5,"6":5,"7":11,"8":11,"9":11,"10":0,"11":11,"12":5,"13":5},"f":{"0":11},"b":{"0":[0,11],"1":[11,11],"2":[11,0],"3":[0,11]},"_coverageSchema":"332fd63041d2c1bcb487cc26dd0d5f7d97098a6c","hash":"d799b7d1021e8ec393a8e7dfc6b8ce1eae2c1ef5"}
,"/Users/williammuxworthy/Documents/makers_academy/Splitr/redux/reducers/nameReducer.js": {"path":"/Users/williammuxworthy/Documents/makers_academy/Splitr/redux/reducers/nameReducer.js","statementMap":{"0":{"start":{"line":1,"column":42},"end":{"line":1,"column":97}},"1":{"start":{"line":1,"column":98},"end":{"line":1,"column":160}},"2":{"start":{"line":1,"column":160},"end":{"line":1,"column":185}},"3":{"start":{"line":1,"column":206},"end":{"line":1,"column":276}},"4":{"start":{"line":1,"column":290},"end":{"line":1,"column":317}},"5":{"start":{"line":3,"column":19},"end":{"line":4,"column":19}},"6":{"start":{"line":7,"column":18},"end":{"line":20,"column":1}},"7":{"start":{"line":7,"column":54},"end":{"line":7,"column":134}},"8":{"start":{"line":7,"column":148},"end":{"line":7,"column":195}},"9":{"start":{"line":8,"column":2},"end":{"line":18,"column":20}},"10":{"start":{"line":10,"column":6},"end":{"line":14,"column":38}},"11":{"start":{"line":18,"column":6},"end":{"line":18,"column":19}},"12":{"start":{"line":22,"column":0},"end":{"line":22,"column":11}},"13":{"start":{"line":22,"column":12},"end":{"line":22,"column":39}}},"fnMap":{"0":{"name":"nameReducer","decl":{"start":{"line":7,"column":27},"end":{"line":7,"column":38}},"loc":{"start":{"line":7,"column":41},"end":{"line":20,"column":1}},"line":7}},"branchMap":{"0":{"loc":{"start":{"line":7,"column":54},"end":{"line":7,"column":134}},"type":"cond-expr","locations":[{"start":{"line":7,"column":107},"end":{"line":7,"column":119}},{"start":{"line":7,"column":122},"end":{"line":7,"column":134}}],"line":7},"1":{"loc":{"start":{"line":7,"column":54},"end":{"line":7,"column":104}},"type":"binary-expr","locations":[{"start":{"line":7,"column":54},"end":{"line":7,"column":74}},{"start":{"line":7,"column":78},"end":{"line":7,"column":104}}],"line":7},"2":{"loc":{"start":{"line":7,"column":148},"end":{"line":7,"column":195}},"type":"cond-expr","locations":[{"start":{"line":7,"column":171},"end":{"line":7,"column":183}},{"start":{"line":7,"column":186},"end":{"line":7,"column":195}}],"line":7},"3":{"loc":{"start":{"line":8,"column":2},"end":{"line":18,"column":20}},"type":"switch","locations":[{"start":{"line":9,"column":4},"end":{"line":14,"column":38}},{"start":{"line":17,"column":4},"end":{"line":18,"column":19}}],"line":8}},"s":{"0":5,"1":5,"2":5,"3":5,"4":5,"5":5,"6":5,"7":14,"8":14,"9":14,"10":2,"11":12,"12":5,"13":5},"f":{"0":14},"b":{"0":[2,12],"1":[14,14],"2":[14,0],"3":[2,12]},"_coverageSchema":"332fd63041d2c1bcb487cc26dd0d5f7d97098a6c","hash":"88a8248b2ad96950b39c7234946d8bab016c97d5"}
,"/Users/williammuxworthy/Documents/makers_academy/Splitr/redux/reducers/nameSelectedReducer.js": {"path":"/Users/williammuxworthy/Documents/makers_academy/Splitr/redux/reducers/nameSelectedReducer.js","statementMap":{"0":{"start":{"line":1,"column":42},"end":{"line":1,"column":97}},"1":{"start":{"line":1,"column":98},"end":{"line":1,"column":160}},"2":{"start":{"line":1,"column":160},"end":{"line":1,"column":185}},"3":{"start":{"line":1,"column":208},"end":{"line":1,"column":280}},"4":{"start":{"line":1,"column":297},"end":{"line":1,"column":362}},"5":{"start":{"line":1,"column":384},"end":{"line":1,"column":454}},"6":{"start":{"line":1,"column":468},"end":{"line":1,"column":495}},"7":{"start":{"line":3,"column":19},"end":{"line":4,"column":20}},"8":{"start":{"line":7,"column":26},"end":{"line":19,"column":1}},"9":{"start":{"line":7,"column":70},"end":{"line":7,"column":150}},"10":{"start":{"line":7,"column":164},"end":{"line":7,"column":211}},"11":{"start":{"line":8,"column":2},"end":{"line":17,"column":20}},"12":{"start":{"line":10,"column":6},"end":{"line":13,"column":58}},"13":{"start":{"line":17,"column":6},"end":{"line":17,"column":19}},"14":{"start":{"line":22,"column":0},"end":{"line":22,"column":19}},"15":{"start":{"line":22,"column":20},"end":{"line":22,"column":47}}},"fnMap":{"0":{"name":"nameSelectedReducer","decl":{"start":{"line":7,"column":35},"end":{"line":7,"column":54}},"loc":{"start":{"line":7,"column":57},"end":{"line":19,"column":1}},"line":7}},"branchMap":{"0":{"loc":{"start":{"line":7,"column":70},"end":{"line":7,"column":150}},"type":"cond-expr","locations":[{"start":{"line":7,"column":123},"end":{"line":7,"column":135}},{"start":{"line":7,"column":138},"end":{"line":7,"column":150}}],"line":7},"1":{"loc":{"start":{"line":7,"column":70},"end":{"line":7,"column":120}},"type":"binary-expr","locations":[{"start":{"line":7,"column":70},"end":{"line":7,"column":90}},{"start":{"line":7,"column":94},"end":{"line":7,"column":120}}],"line":7},"2":{"loc":{"start":{"line":7,"column":164},"end":{"line":7,"column":211}},"type":"cond-expr","locations":[{"start":{"line":7,"column":187},"end":{"line":7,"column":199}},{"start":{"line":7,"column":202},"end":{"line":7,"column":211}}],"line":7},"3":{"loc":{"start":{"line":8,"column":2},"end":{"line":17,"column":20}},"type":"switch","locations":[{"start":{"line":9,"column":4},"end":{"line":13,"column":58}},{"start":{"line":16,"column":4},"end":{"line":17,"column":19}}],"line":8}},"s":{"0":5,"1":5,"2":5,"3":5,"4":5,"5":5,"6":5,"7":5,"8":5,"9":13,"10":13,"11":13,"12":1,"13":12,"14":5,"15":5},"f":{"0":13},"b":{"0":[1,12],"1":[13,13],"2":[13,0],"3":[1,12]},"_coverageSchema":"332fd63041d2c1bcb487cc26dd0d5f7d97098a6c","hash":"0524f6a16e9c089104c9dac0db347d9cfa5ab6e2"}
,"/Users/williammuxworthy/Documents/makers_academy/Splitr/redux/reducers/taskReducer.js": {"path":"/Users/williammuxworthy/Documents/makers_academy/Splitr/redux/reducers/taskReducer.js","statementMap":{"0":{"start":{"line":1,"column":42},"end":{"line":1,"column":97}},"1":{"start":{"line":1,"column":98},"end":{"line":1,"column":160}},"2":{"start":{"line":1,"column":160},"end":{"line":1,"column":185}},"3":{"start":{"line":1,"column":206},"end":{"line":1,"column":276}},"4":{"start":{"line":1,"column":290},"end":{"line":1,"column":317}},"5":{"start":{"line":3,"column":19},"end":{"line":4,"column":13}},"6":{"start":{"line":7,"column":18},"end":{"line":20,"column":1}},"7":{"start":{"line":7,"column":54},"end":{"line":7,"column":134}},"8":{"start":{"line":7,"column":148},"end":{"line":7,"column":195}},"9":{"start":{"line":8,"column":2},"end":{"line":18,"column":20}},"10":{"start":{"line":10,"column":6},"end":{"line":14,"column":38}},"11":{"start":{"line":18,"column":6},"end":{"line":18,"column":19}},"12":{"start":{"line":23,"column":0},"end":{"line":23,"column":11}},"13":{"start":{"line":23,"column":12},"end":{"line":23,"column":39}}},"fnMap":{"0":{"name":"taskReducer","decl":{"start":{"line":7,"column":27},"end":{"line":7,"column":38}},"loc":{"start":{"line":7,"column":41},"end":{"line":20,"column":1}},"line":7}},"branchMap":{"0":{"loc":{"start":{"line":7,"column":54},"end":{"line":7,"column":134}},"type":"cond-expr","locations":[{"start":{"line":7,"column":107},"end":{"line":7,"column":119}},{"start":{"line":7,"column":122},"end":{"line":7,"column":134}}],"line":7},"1":{"loc":{"start":{"line":7,"column":54},"end":{"line":7,"column":104}},"type":"binary-expr","locations":[{"start":{"line":7,"column":54},"end":{"line":7,"column":74}},{"start":{"line":7,"column":78},"end":{"line":7,"column":104}}],"line":7},"2":{"loc":{"start":{"line":7,"column":148},"end":{"line":7,"column":195}},"type":"cond-expr","locations":[{"start":{"line":7,"column":171},"end":{"line":7,"column":183}},{"start":{"line":7,"column":186},"end":{"line":7,"column":195}}],"line":7},"3":{"loc":{"start":{"line":8,"column":2},"end":{"line":18,"column":20}},"type":"switch","locations":[{"start":{"line":9,"column":4},"end":{"line":14,"column":38}},{"start":{"line":17,"column":4},"end":{"line":18,"column":19}}],"line":8}},"s":{"0":5,"1":5,"2":5,"3":5,"4":5,"5":5,"6":5,"7":14,"8":14,"9":14,"10":2,"11":12,"12":5,"13":5},"f":{"0":14},"b":{"0":[2,12],"1":[14,14],"2":[14,0],"3":[2,12]},"_coverageSchema":"332fd63041d2c1bcb487cc26dd0d5f7d97098a6c","hash":"c35ca750bed15e96e98991d22a9acbcbb4cddf4f"}
,"/Users/williammuxworthy/Documents/makers_academy/Splitr/redux/reducers/tripReducer.js": {"path":"/Users/williammuxworthy/Documents/makers_academy/Splitr/redux/reducers/tripReducer.js","statementMap":{"0":{"start":{"line":1,"column":42},"end":{"line":1,"column":97}},"1":{"start":{"line":1,"column":98},"end":{"line":1,"column":160}},"2":{"start":{"line":1,"column":160},"end":{"line":1,"column":185}},"3":{"start":{"line":1,"column":201},"end":{"line":1,"column":266}},"4":{"start":{"line":1,"column":288},"end":{"line":1,"column":358}},"5":{"start":{"line":1,"column":372},"end":{"line":1,"column":399}},"6":{"start":{"line":3,"column":19},"end":{"line":5,"column":13}},"7":{"start":{"line":8,"column":18},"end":{"line":22,"column":1}},"8":{"start":{"line":8,"column":54},"end":{"line":8,"column":134}},"9":{"start":{"line":8,"column":148},"end":{"line":8,"column":195}},"10":{"start":{"line":9,"column":2},"end":{"line":20,"column":20}},"11":{"start":{"line":11,"column":6},"end":{"line":16,"column":38}},"12":{"start":{"line":20,"column":6},"end":{"line":20,"column":19}},"13":{"start":{"line":24,"column":0},"end":{"line":24,"column":11}},"14":{"start":{"line":24,"column":12},"end":{"line":24,"column":39}}},"fnMap":{"0":{"name":"tripReducer","decl":{"start":{"line":8,"column":27},"end":{"line":8,"column":38}},"loc":{"start":{"line":8,"column":41},"end":{"line":22,"column":1}},"line":8}},"branchMap":{"0":{"loc":{"start":{"line":8,"column":54},"end":{"line":8,"column":134}},"type":"cond-expr","locations":[{"start":{"line":8,"column":107},"end":{"line":8,"column":119}},{"start":{"line":8,"column":122},"end":{"line":8,"column":134}}],"line":8},"1":{"loc":{"start":{"line":8,"column":54},"end":{"line":8,"column":104}},"type":"binary-expr","locations":[{"start":{"line":8,"column":54},"end":{"line":8,"column":74}},{"start":{"line":8,"column":78},"end":{"line":8,"column":104}}],"line":8},"2":{"loc":{"start":{"line":8,"column":148},"end":{"line":8,"column":195}},"type":"cond-expr","locations":[{"start":{"line":8,"column":171},"end":{"line":8,"column":183}},{"start":{"line":8,"column":186},"end":{"line":8,"column":195}}],"line":8},"3":{"loc":{"start":{"line":9,"column":2},"end":{"line":20,"column":20}},"type":"switch","locations":[{"start":{"line":10,"column":4},"end":{"line":16,"column":38}},{"start":{"line":19,"column":4},"end":{"line":20,"column":19}}],"line":9}},"s":{"0":5,"1":5,"2":5,"3":5,"4":5,"5":5,"6":5,"7":5,"8":14,"9":14,"10":14,"11":2,"12":12,"13":5,"14":5},"f":{"0":14},"b":{"0":[2,12],"1":[14,14],"2":[14,0],"3":[2,12]},"_coverageSchema":"332fd63041d2c1bcb487cc26dd0d5f7d97098a6c","hash":"d2e2f2c4f92ea3c925caada42b8134e19147e4de"}
}
