{"/Users/williammuxworthy/Documents/makers_academy/Splitr/setupTests.js": {"path":"/Users/williammuxworthy/Documents/makers_academy/Splitr/setupTests.js","statementMap":{"0":{"start":{"line":1,"column":42},"end":{"line":1,"column":97}},"1":{"start":{"line":1,"column":112},"end":{"line":1,"column":129}},"2":{"start":{"line":2,"column":26},"end":{"line":2,"column":84}},"3":{"start":{"line":5,"column":0},"end":{"line":5,"column":71}}},"fnMap":{},"branchMap":{},"s":{"0":2,"1":2,"2":2,"3":2},"f":{},"b":{},"_coverageSchema":"332fd63041d2c1bcb487cc26dd0d5f7d97098a6c","hash":"e833ef6b83b61894976e57028505b73e6557f53c"}
,"/Users/williammuxworthy/Documents/makers_academy/Splitr/components/listItem.js": {"path":"/Users/williammuxworthy/Documents/makers_academy/Splitr/components/listItem.js","statementMap":{"0":{"start":{"line":1,"column":42},"end":{"line":1,"column":97}},"1":{"start":{"line":1,"column":98},"end":{"line":1,"column":160}},"2":{"start":{"line":1,"column":160},"end":{"line":1,"column":185}},"3":{"start":{"line":1,"column":198},"end":{"line":1,"column":238}},"4":{"start":{"line":2,"column":19},"end":{"line":2,"column":42}},"5":{"start":{"line":2,"column":62},"end":{"line":2,"column":142}},"6":{"start":{"line":4,"column":15},"end":{"line":12,"column":1}},"7":{"start":{"line":5,"column":2},"end":{"line":8,"column":130}},"8":{"start":{"line":14,"column":0},"end":{"line":14,"column":8}},"9":{"start":{"line":14,"column":9},"end":{"line":14,"column":36}}},"fnMap":{"0":{"name":"ListItem","decl":{"start":{"line":4,"column":24},"end":{"line":4,"column":32}},"loc":{"start":{"line":4,"column":40},"end":{"line":12,"column":1}},"line":4}},"branchMap":{},"s":{"0":1,"1":1,"2":1,"3":1,"4":1,"5":1,"6":1,"7":0,"8":1,"9":1},"f":{"0":0},"b":{},"_coverageSchema":"332fd63041d2c1bcb487cc26dd0d5f7d97098a6c","hash":"e963bad8ff405d6a065afb94b5c555ab6a387bba"}
,"/Users/williammuxworthy/Documents/makers_academy/Splitr/components/listReceipt.js": {"path":"/Users/williammuxworthy/Documents/makers_academy/Splitr/components/listReceipt.js","statementMap":{"0":{"start":{"line":1,"column":42},"end":{"line":1,"column":97}},"1":{"start":{"line":1,"column":98},"end":{"line":1,"column":160}},"2":{"start":{"line":1,"column":160},"end":{"line":1,"column":185}},"3":{"start":{"line":1,"column":198},"end":{"line":1,"column":238}},"4":{"start":{"line":2,"column":19},"end":{"line":2,"column":42}},"5":{"start":{"line":2,"column":62},"end":{"line":2,"column":145}},"6":{"start":{"line":4,"column":18},"end":{"line":13,"column":1}},"7":{"start":{"line":5,"column":2},"end":{"line":9,"column":133}},"8":{"start":{"line":15,"column":0},"end":{"line":15,"column":11}},"9":{"start":{"line":15,"column":12},"end":{"line":15,"column":39}}},"fnMap":{"0":{"name":"ListReceipt","decl":{"start":{"line":4,"column":27},"end":{"line":4,"column":38}},"loc":{"start":{"line":4,"column":46},"end":{"line":13,"column":1}},"line":4}},"branchMap":{},"s":{"0":1,"1":1,"2":1,"3":1,"4":1,"5":1,"6":1,"7":0,"8":1,"9":1},"f":{"0":0},"b":{},"_coverageSchema":"332fd63041d2c1bcb487cc26dd0d5f7d97098a6c","hash":"857c61bdaf21f1c27ec756940477a74f7e375940"}
,"/Users/williammuxworthy/Documents/makers_academy/Splitr/components/nameInput.js": {"path":"/Users/williammuxworthy/Documents/makers_academy/Splitr/components/nameInput.js","statementMap":{"0":{"start":{"line":1,"column":42},"end":{"line":1,"column":97}},"1":{"start":{"line":1,"column":98},"end":{"line":1,"column":160}},"2":{"start":{"line":1,"column":160},"end":{"line":1,"column":185}},"3":{"start":{"line":1,"column":208},"end":{"line":1,"column":280}},"4":{"start":{"line":1,"column":301},"end":{"line":1,"column":370}},"5":{"start":{"line":1,"column":405},"end":{"line":1,"column":488}},"6":{"start":{"line":1,"column":512},"end":{"line":1,"column":584}},"7":{"start":{"line":1,"column":602},"end":{"line":1,"column":668}},"8":{"start":{"line":1,"column":682},"end":{"line":1,"column":722}},"9":{"start":{"line":2,"column":19},"end":{"line":2,"column":42}},"10":{"start":{"line":2,"column":62},"end":{"line":2,"column":143}},"11":{"start":{"line":4,"column":12},"end":{"line":14,"column":54}},"12":{"start":{"line":4,"column":41},"end":{"line":4,"column":94}},"13":{"start":{"line":4,"column":116},"end":{"line":4,"column":163}},"14":{"start":{"line":4,"column":163},"end":{"line":4,"column":282}},"15":{"start":{"line":4,"column":283},"end":{"line":14,"column":10}},"16":{"start":{"line":7,"column":6},"end":{"line":11,"column":87}},"17":{"start":{"line":14,"column":10},"end":{"line":14,"column":27}},"18":{"start":{"line":14,"column":55},"end":{"line":14,"column":83}}},"fnMap":{"0":{"name":"(anonymous_0)","decl":{"start":{"line":4,"column":12},"end":{"line":4,"column":13}},"loc":{"start":{"line":4,"column":40},"end":{"line":14,"column":28}},"line":4},"1":{"name":"NameInput","decl":{"start":{"line":4,"column":103},"end":{"line":4,"column":112}},"loc":{"start":{"line":4,"column":115},"end":{"line":4,"column":283}},"line":4},"2":{"name":"render","decl":{"start":{"line":4,"column":355},"end":{"line":4,"column":361}},"loc":{"start":{"line":6,"column":4},"end":{"line":14,"column":5}},"line":6}},"branchMap":{},"s":{"0":2,"1":2,"2":2,"3":2,"4":2,"5":2,"6":2,"7":2,"8":2,"9":2,"10":2,"11":2,"12":2,"13":0,"14":0,"15":2,"16":0,"17":2,"18":2},"f":{"0":2,"1":0,"2":0},"b":{},"_coverageSchema":"332fd63041d2c1bcb487cc26dd0d5f7d97098a6c","hash":"490acac7064e1c844478ca3e805f4391a104761c"}
,"/Users/williammuxworthy/Documents/makers_academy/Splitr/components/priceInput.js": {"path":"/Users/williammuxworthy/Documents/makers_academy/Splitr/components/priceInput.js","statementMap":{"0":{"start":{"line":1,"column":42},"end":{"line":1,"column":97}},"1":{"start":{"line":1,"column":98},"end":{"line":1,"column":160}},"2":{"start":{"line":1,"column":160},"end":{"line":1,"column":185}},"3":{"start":{"line":1,"column":208},"end":{"line":1,"column":280}},"4":{"start":{"line":1,"column":301},"end":{"line":1,"column":370}},"5":{"start":{"line":1,"column":405},"end":{"line":1,"column":488}},"6":{"start":{"line":1,"column":512},"end":{"line":1,"column":584}},"7":{"start":{"line":1,"column":602},"end":{"line":1,"column":668}},"8":{"start":{"line":1,"column":682},"end":{"line":1,"column":722}},"9":{"start":{"line":2,"column":19},"end":{"line":2,"column":42}},"10":{"start":{"line":2,"column":62},"end":{"line":2,"column":144}},"11":{"start":{"line":4,"column":13},"end":{"line":15,"column":55}},"12":{"start":{"line":4,"column":42},"end":{"line":4,"column":96}},"13":{"start":{"line":4,"column":119},"end":{"line":4,"column":167}},"14":{"start":{"line":4,"column":167},"end":{"line":4,"column":287}},"15":{"start":{"line":4,"column":288},"end":{"line":15,"column":10}},"16":{"start":{"line":8,"column":6},"end":{"line":12,"column":88}},"17":{"start":{"line":15,"column":10},"end":{"line":15,"column":28}},"18":{"start":{"line":15,"column":56},"end":{"line":15,"column":85}}},"fnMap":{"0":{"name":"(anonymous_0)","decl":{"start":{"line":4,"column":13},"end":{"line":4,"column":14}},"loc":{"start":{"line":4,"column":41},"end":{"line":15,"column":29}},"line":4},"1":{"name":"PriceInput","decl":{"start":{"line":4,"column":105},"end":{"line":4,"column":115}},"loc":{"start":{"line":4,"column":118},"end":{"line":4,"column":288}},"line":4},"2":{"name":"render","decl":{"start":{"line":4,"column":361},"end":{"line":4,"column":367}},"loc":{"start":{"line":7,"column":4},"end":{"line":15,"column":5}},"line":7}},"branchMap":{},"s":{"0":1,"1":1,"2":1,"3":1,"4":1,"5":1,"6":1,"7":1,"8":1,"9":1,"10":1,"11":1,"12":1,"13":0,"14":0,"15":1,"16":0,"17":1,"18":1},"f":{"0":1,"1":0,"2":0},"b":{},"_coverageSchema":"332fd63041d2c1bcb487cc26dd0d5f7d97098a6c","hash":"80a06befd2c0044e96387a01d330b8204012ed00"}
,"/Users/williammuxworthy/Documents/makers_academy/Splitr/components/submitButton.js": {"path":"/Users/williammuxworthy/Documents/makers_academy/Splitr/components/submitButton.js","statementMap":{"0":{"start":{"line":1,"column":42},"end":{"line":1,"column":97}},"1":{"start":{"line":1,"column":98},"end":{"line":1,"column":160}},"2":{"start":{"line":1,"column":160},"end":{"line":1,"column":185}},"3":{"start":{"line":1,"column":208},"end":{"line":1,"column":280}},"4":{"start":{"line":1,"column":301},"end":{"line":1,"column":370}},"5":{"start":{"line":1,"column":405},"end":{"line":1,"column":488}},"6":{"start":{"line":1,"column":512},"end":{"line":1,"column":584}},"7":{"start":{"line":1,"column":602},"end":{"line":1,"column":668}},"8":{"start":{"line":1,"column":682},"end":{"line":1,"column":722}},"9":{"start":{"line":2,"column":19},"end":{"line":2,"column":42}},"10":{"start":{"line":2,"column":62},"end":{"line":2,"column":146}},"11":{"start":{"line":4,"column":15},"end":{"line":14,"column":57}},"12":{"start":{"line":4,"column":44},"end":{"line":4,"column":100}},"13":{"start":{"line":4,"column":125},"end":{"line":4,"column":175}},"14":{"start":{"line":4,"column":175},"end":{"line":4,"column":297}},"15":{"start":{"line":4,"column":298},"end":{"line":14,"column":10}},"16":{"start":{"line":7,"column":6},"end":{"line":11,"column":84}},"17":{"start":{"line":14,"column":10},"end":{"line":14,"column":30}},"18":{"start":{"line":14,"column":58},"end":{"line":14,"column":89}}},"fnMap":{"0":{"name":"(anonymous_0)","decl":{"start":{"line":4,"column":15},"end":{"line":4,"column":16}},"loc":{"start":{"line":4,"column":43},"end":{"line":14,"column":31}},"line":4},"1":{"name":"SubmitButton","decl":{"start":{"line":4,"column":109},"end":{"line":4,"column":121}},"loc":{"start":{"line":4,"column":124},"end":{"line":4,"column":298}},"line":4},"2":{"name":"render","decl":{"start":{"line":4,"column":373},"end":{"line":4,"column":379}},"loc":{"start":{"line":6,"column":4},"end":{"line":14,"column":5}},"line":6}},"branchMap":{},"s":{"0":2,"1":2,"2":2,"3":2,"4":2,"5":2,"6":2,"7":2,"8":2,"9":2,"10":2,"11":2,"12":2,"13":0,"14":0,"15":2,"16":0,"17":2,"18":2},"f":{"0":2,"1":0,"2":0},"b":{},"_coverageSchema":"332fd63041d2c1bcb487cc26dd0d5f7d97098a6c","hash":"b5d6921a885829e562e711be75ce11f59f264dac"}
,"/Users/williammuxworthy/Documents/makers_academy/Splitr/redux/actions/dish.js": {"path":"/Users/williammuxworthy/Documents/makers_academy/Splitr/redux/actions/dish.js","statementMap":{"0":{"start":{"line":1,"column":13},"end":{"line":1,"column":75}},"1":{"start":{"line":1,"column":75},"end":{"line":1,"column":100}},"2":{"start":{"line":1,"column":113},"end":{"line":1,"column":131}},"3":{"start":{"line":3,"column":14},"end":{"line":8,"column":1}},"4":{"start":{"line":4,"column":2},"end":{"line":6,"column":20}},"5":{"start":{"line":8,"column":2},"end":{"line":8,"column":28}}},"fnMap":{"0":{"name":"addDish","decl":{"start":{"line":3,"column":23},"end":{"line":3,"column":30}},"loc":{"start":{"line":3,"column":37},"end":{"line":8,"column":1}},"line":3}},"branchMap":{},"s":{"0":1,"1":1,"2":1,"3":1,"4":0,"5":1},"f":{"0":0},"b":{},"_coverageSchema":"332fd63041d2c1bcb487cc26dd0d5f7d97098a6c","hash":"d67df2fa01efce3a040e50728a2ad142545007ef"}
,"/Users/williammuxworthy/Documents/makers_academy/Splitr/redux/actions/name.js": {"path":"/Users/williammuxworthy/Documents/makers_academy/Splitr/redux/actions/name.js","statementMap":{"0":{"start":{"line":1,"column":13},"end":{"line":1,"column":75}},"1":{"start":{"line":1,"column":75},"end":{"line":1,"column":100}},"2":{"start":{"line":1,"column":113},"end":{"line":1,"column":131}},"3":{"start":{"line":3,"column":14},"end":{"line":8,"column":1}},"4":{"start":{"line":4,"column":2},"end":{"line":6,"column":26}},"5":{"start":{"line":8,"column":2},"end":{"line":8,"column":28}}},"fnMap":{"0":{"name":"addName","decl":{"start":{"line":3,"column":23},"end":{"line":3,"column":30}},"loc":{"start":{"line":3,"column":43},"end":{"line":8,"column":1}},"line":3}},"branchMap":{},"s":{"0":1,"1":1,"2":1,"3":1,"4":0,"5":1},"f":{"0":0},"b":{},"_coverageSchema":"332fd63041d2c1bcb487cc26dd0d5f7d97098a6c","hash":"d00128dff2b1658256a937e35a5877c7dc3d3738"}
,"/Users/williammuxworthy/Documents/makers_academy/Splitr/redux/actions/types.js": {"path":"/Users/williammuxworthy/Documents/makers_academy/Splitr/redux/actions/types.js","statementMap":{"0":{"start":{"line":1,"column":13},"end":{"line":1,"column":75}},"1":{"start":{"line":1,"column":75},"end":{"line":1,"column":120}},"2":{"start":{"line":1,"column":135},"end":{"line":1,"column":145}},"3":{"start":{"line":1,"column":146},"end":{"line":1,"column":174}},"4":{"start":{"line":2,"column":15},"end":{"line":2,"column":25}},"5":{"start":{"line":2,"column":26},"end":{"line":2,"column":54}}},"fnMap":{},"branchMap":{},"s":{"0":2,"1":2,"2":2,"3":2,"4":2,"5":2},"f":{},"b":{},"_coverageSchema":"332fd63041d2c1bcb487cc26dd0d5f7d97098a6c","hash":"158dcffb7ea962f3accc347393b8a396ed6be682"}
,"/Users/williammuxworthy/Documents/makers_academy/Splitr/screens/addDishes.js": {"path":"/Users/williammuxworthy/Documents/makers_academy/Splitr/screens/addDishes.js","statementMap":{"0":{"start":{"line":1,"column":42},"end":{"line":1,"column":97}},"1":{"start":{"line":1,"column":98},"end":{"line":1,"column":160}},"2":{"start":{"line":1,"column":160},"end":{"line":1,"column":185}},"3":{"start":{"line":1,"column":208},"end":{"line":1,"column":280}},"4":{"start":{"line":1,"column":301},"end":{"line":1,"column":370}},"5":{"start":{"line":1,"column":405},"end":{"line":1,"column":488}},"6":{"start":{"line":1,"column":512},"end":{"line":1,"column":584}},"7":{"start":{"line":1,"column":602},"end":{"line":1,"column":668}},"8":{"start":{"line":1,"column":682},"end":{"line":1,"column":722}},"9":{"start":{"line":2,"column":19},"end":{"line":2,"column":42}},"10":{"start":{"line":3,"column":20},"end":{"line":3,"column":81}},"11":{"start":{"line":4,"column":17},"end":{"line":4,"column":75}},"12":{"start":{"line":5,"column":18},"end":{"line":5,"column":77}},"13":{"start":{"line":6,"column":19},"end":{"line":6,"column":79}},"14":{"start":{"line":7,"column":18},"end":{"line":7,"column":40}},"15":{"start":{"line":8,"column":12},"end":{"line":8,"column":44}},"16":{"start":{"line":8,"column":64},"end":{"line":8,"column":142}},"17":{"start":{"line":10,"column":0},"end":{"line":14,"column":15}},"18":{"start":{"line":17,"column":12},"end":{"line":76,"column":54}},"19":{"start":{"line":17,"column":41},"end":{"line":17,"column":94}},"20":{"start":{"line":17,"column":147},"end":{"line":17,"column":194}},"21":{"start":{"line":17,"column":194},"end":{"line":17,"column":314}},"22":{"start":{"line":17,"column":284},"end":{"line":17,"column":313}},"23":{"start":{"line":17,"column":314},"end":{"line":17,"column":482}},"24":{"start":{"line":17,"column":482},"end":{"line":26,"column":6}},"25":{"start":{"line":20,"column":6},"end":{"line":22,"column":7}},"26":{"start":{"line":21,"column":8},"end":{"line":21,"column":15}},"27":{"start":{"line":23,"column":17},"end":{"line":23,"column":85}},"28":{"start":{"line":25,"column":6},"end":{"line":25,"column":32}},"29":{"start":{"line":26,"column":6},"end":{"line":32,"column":6}},"30":{"start":{"line":29,"column":6},"end":{"line":30,"column":27}},"31":{"start":{"line":32,"column":6},"end":{"line":38,"column":6}},"32":{"start":{"line":35,"column":6},"end":{"line":36,"column":28}},"33":{"start":{"line":38,"column":6},"end":{"line":54,"column":6}},"34":{"start":{"line":41,"column":6},"end":{"line":41,"column":38}},"35":{"start":{"line":42,"column":6},"end":{"line":49,"column":167}},"36":{"start":{"line":45,"column":60},"end":{"line":45,"column":84}},"37":{"start":{"line":46,"column":49},"end":{"line":49,"column":107}},"38":{"start":{"line":54,"column":6},"end":{"line":54,"column":19}},"39":{"start":{"line":54,"column":20},"end":{"line":76,"column":10}},"40":{"start":{"line":57,"column":6},"end":{"line":72,"column":30}},"41":{"start":{"line":76,"column":10},"end":{"line":76,"column":27}},"42":{"start":{"line":79,"column":22},"end":{"line":83,"column":1}},"43":{"start":{"line":80,"column":2},"end":{"line":81,"column":34}},"44":{"start":{"line":85,"column":26},"end":{"line":91,"column":1}},"45":{"start":{"line":86,"column":2},"end":{"line":89,"column":8}},"46":{"start":{"line":88,"column":6},"end":{"line":88,"column":41}},"47":{"start":{"line":93,"column":0},"end":{"line":93,"column":73}},"48":{"start":{"line":93,"column":74},"end":{"line":93,"column":101}}},"fnMap":{"0":{"name":"(anonymous_0)","decl":{"start":{"line":17,"column":12},"end":{"line":17,"column":13}},"loc":{"start":{"line":17,"column":40},"end":{"line":76,"column":28}},"line":17},"1":{"name":"AddDishes","decl":{"start":{"line":17,"column":103},"end":{"line":17,"column":112}},"loc":{"start":{"line":17,"column":115},"end":{"line":54,"column":20}},"line":17},"2":{"name":"(anonymous_2)","decl":{"start":{"line":19,"column":25},"end":{"line":19,"column":26}},"loc":{"start":{"line":19,"column":37},"end":{"line":26,"column":5}},"line":19},"3":{"name":"(anonymous_3)","decl":{"start":{"line":28,"column":28},"end":{"line":28,"column":29}},"loc":{"start":{"line":28,"column":45},"end":{"line":32,"column":5}},"line":28},"4":{"name":"(anonymous_4)","decl":{"start":{"line":34,"column":29},"end":{"line":34,"column":30}},"loc":{"start":{"line":34,"column":46},"end":{"line":38,"column":5}},"line":34},"5":{"name":"(anonymous_5)","decl":{"start":{"line":40,"column":18},"end":{"line":40,"column":19}},"loc":{"start":{"line":40,"column":30},"end":{"line":54,"column":5}},"line":40},"6":{"name":"keyExtractor","decl":{"start":{"line":45,"column":33},"end":{"line":45,"column":45}},"loc":{"start":{"line":45,"column":59},"end":{"line":45,"column":85}},"line":45},"7":{"name":"renderItem","decl":{"start":{"line":46,"column":31},"end":{"line":46,"column":41}},"loc":{"start":{"line":46,"column":48},"end":{"line":49,"column":108}},"line":46},"8":{"name":"render","decl":{"start":{"line":54,"column":92},"end":{"line":54,"column":98}},"loc":{"start":{"line":56,"column":4},"end":{"line":76,"column":5}},"line":56},"9":{"name":"mapStateToProps","decl":{"start":{"line":79,"column":31},"end":{"line":79,"column":46}},"loc":{"start":{"line":79,"column":54},"end":{"line":83,"column":1}},"line":79},"10":{"name":"mapDistpatchToProps","decl":{"start":{"line":85,"column":35},"end":{"line":85,"column":54}},"loc":{"start":{"line":85,"column":65},"end":{"line":91,"column":1}},"line":85},"11":{"name":"addDish","decl":{"start":{"line":87,"column":22},"end":{"line":87,"column":29}},"loc":{"start":{"line":87,"column":36},"end":{"line":89,"column":5}},"line":87}},"branchMap":{"0":{"loc":{"start":{"line":20,"column":6},"end":{"line":22,"column":7}},"type":"if","locations":[{"start":{"line":20,"column":6},"end":{"line":22,"column":7}},{"start":{"line":20,"column":6},"end":{"line":22,"column":7}}],"line":20}},"s":{"0":1,"1":1,"2":1,"3":1,"4":1,"5":1,"6":1,"7":1,"8":1,"9":1,"10":1,"11":1,"12":1,"13":1,"14":1,"15":1,"16":1,"17":1,"18":1,"19":1,"20":0,"21":0,"22":0,"23":0,"24":0,"25":0,"26":0,"27":0,"28":0,"29":0,"30":0,"31":0,"32":0,"33":0,"34":0,"35":0,"36":0,"37":0,"38":0,"39":1,"40":0,"41":1,"42":1,"43":0,"44":1,"45":0,"46":0,"47":1,"48":1},"f":{"0":1,"1":0,"2":0,"3":0,"4":0,"5":0,"6":0,"7":0,"8":0,"9":0,"10":0,"11":0},"b":{"0":[0,0]},"_coverageSchema":"332fd63041d2c1bcb487cc26dd0d5f7d97098a6c","hash":"1bd89888a0bfb5b7ce7b0f59be0c96290f2e4b10"}
,"/Users/williammuxworthy/Documents/makers_academy/Splitr/screens/home.js": {"path":"/Users/williammuxworthy/Documents/makers_academy/Splitr/screens/home.js","statementMap":{"0":{"start":{"line":1,"column":42},"end":{"line":1,"column":97}},"1":{"start":{"line":1,"column":98},"end":{"line":1,"column":160}},"2":{"start":{"line":1,"column":160},"end":{"line":1,"column":185}},"3":{"start":{"line":1,"column":208},"end":{"line":1,"column":280}},"4":{"start":{"line":1,"column":301},"end":{"line":1,"column":370}},"5":{"start":{"line":1,"column":405},"end":{"line":1,"column":488}},"6":{"start":{"line":1,"column":512},"end":{"line":1,"column":584}},"7":{"start":{"line":1,"column":602},"end":{"line":1,"column":668}},"8":{"start":{"line":1,"column":682},"end":{"line":1,"column":722}},"9":{"start":{"line":2,"column":19},"end":{"line":2,"column":42}},"10":{"start":{"line":3,"column":20},"end":{"line":3,"column":81}},"11":{"start":{"line":4,"column":17},"end":{"line":4,"column":75}},"12":{"start":{"line":5,"column":16},"end":{"line":5,"column":73}},"13":{"start":{"line":6,"column":18},"end":{"line":6,"column":40}},"14":{"start":{"line":7,"column":12},"end":{"line":7,"column":44}},"15":{"start":{"line":7,"column":64},"end":{"line":7,"column":137}},"16":{"start":{"line":9,"column":0},"end":{"line":11,"column":20}},"17":{"start":{"line":14,"column":7},"end":{"line":66,"column":49}},"18":{"start":{"line":14,"column":36},"end":{"line":14,"column":84}},"19":{"start":{"line":14,"column":132},"end":{"line":14,"column":174}},"20":{"start":{"line":14,"column":174},"end":{"line":14,"column":294}},"21":{"start":{"line":14,"column":264},"end":{"line":14,"column":293}},"22":{"start":{"line":14,"column":294},"end":{"line":14,"column":457}},"23":{"start":{"line":14,"column":457},"end":{"line":21,"column":6}},"24":{"start":{"line":17,"column":6},"end":{"line":19,"column":7}},"25":{"start":{"line":18,"column":8},"end":{"line":18,"column":15}},"26":{"start":{"line":20,"column":6},"end":{"line":20,"column":52}},"27":{"start":{"line":21,"column":6},"end":{"line":27,"column":6}},"28":{"start":{"line":24,"column":6},"end":{"line":25,"column":29}},"29":{"start":{"line":27,"column":6},"end":{"line":41,"column":6}},"30":{"start":{"line":30,"column":6},"end":{"line":36,"column":162}},"31":{"start":{"line":33,"column":60},"end":{"line":33,"column":84}},"32":{"start":{"line":34,"column":49},"end":{"line":36,"column":102}},"33":{"start":{"line":41,"column":6},"end":{"line":41,"column":19}},"34":{"start":{"line":41,"column":20},"end":{"line":66,"column":10}},"35":{"start":{"line":43,"column":18},"end":{"line":43,"column":22}},"36":{"start":{"line":44,"column":6},"end":{"line":61,"column":154}},"37":{"start":{"line":61,"column":39},"end":{"line":61,"column":92}},"38":{"start":{"line":66,"column":10},"end":{"line":66,"column":22}},"39":{"start":{"line":69,"column":22},"end":{"line":73,"column":1}},"40":{"start":{"line":70,"column":2},"end":{"line":71,"column":49}},"41":{"start":{"line":75,"column":26},"end":{"line":81,"column":1}},"42":{"start":{"line":76,"column":2},"end":{"line":79,"column":8}},"43":{"start":{"line":78,"column":6},"end":{"line":78,"column":41}},"44":{"start":{"line":83,"column":0},"end":{"line":83,"column":68}},"45":{"start":{"line":83,"column":69},"end":{"line":83,"column":96}}},"fnMap":{"0":{"name":"(anonymous_0)","decl":{"start":{"line":14,"column":7},"end":{"line":14,"column":8}},"loc":{"start":{"line":14,"column":35},"end":{"line":66,"column":23}},"line":14},"1":{"name":"Home","decl":{"start":{"line":14,"column":93},"end":{"line":14,"column":97}},"loc":{"start":{"line":14,"column":100},"end":{"line":41,"column":20}},"line":14},"2":{"name":"(anonymous_2)","decl":{"start":{"line":16,"column":24},"end":{"line":16,"column":25}},"loc":{"start":{"line":16,"column":36},"end":{"line":21,"column":5}},"line":16},"3":{"name":"(anonymous_3)","decl":{"start":{"line":23,"column":30},"end":{"line":23,"column":31}},"loc":{"start":{"line":23,"column":47},"end":{"line":27,"column":5}},"line":23},"4":{"name":"(anonymous_4)","decl":{"start":{"line":29,"column":18},"end":{"line":29,"column":19}},"loc":{"start":{"line":29,"column":30},"end":{"line":41,"column":5}},"line":29},"5":{"name":"keyExtractor","decl":{"start":{"line":33,"column":33},"end":{"line":33,"column":45}},"loc":{"start":{"line":33,"column":59},"end":{"line":33,"column":85}},"line":33},"6":{"name":"renderItem","decl":{"start":{"line":34,"column":31},"end":{"line":34,"column":41}},"loc":{"start":{"line":34,"column":48},"end":{"line":36,"column":103}},"line":34},"7":{"name":"render","decl":{"start":{"line":41,"column":87},"end":{"line":41,"column":93}},"loc":{"start":{"line":43,"column":4},"end":{"line":66,"column":5}},"line":43},"8":{"name":"onPress","decl":{"start":{"line":61,"column":28},"end":{"line":61,"column":35}},"loc":{"start":{"line":61,"column":38},"end":{"line":61,"column":93}},"line":61},"9":{"name":"mapStateToProps","decl":{"start":{"line":69,"column":31},"end":{"line":69,"column":46}},"loc":{"start":{"line":69,"column":54},"end":{"line":73,"column":1}},"line":69},"10":{"name":"mapDistpatchToProps","decl":{"start":{"line":75,"column":35},"end":{"line":75,"column":54}},"loc":{"start":{"line":75,"column":65},"end":{"line":81,"column":1}},"line":75},"11":{"name":"addPerson","decl":{"start":{"line":77,"column":24},"end":{"line":77,"column":33}},"loc":{"start":{"line":77,"column":40},"end":{"line":79,"column":5}},"line":77}},"branchMap":{"0":{"loc":{"start":{"line":17,"column":6},"end":{"line":19,"column":7}},"type":"if","locations":[{"start":{"line":17,"column":6},"end":{"line":19,"column":7}},{"start":{"line":17,"column":6},"end":{"line":19,"column":7}}],"line":17}},"s":{"0":1,"1":1,"2":1,"3":1,"4":1,"5":1,"6":1,"7":1,"8":1,"9":1,"10":1,"11":1,"12":1,"13":1,"14":1,"15":1,"16":1,"17":1,"18":1,"19":0,"20":0,"21":0,"22":0,"23":0,"24":0,"25":0,"26":0,"27":0,"28":0,"29":0,"30":0,"31":0,"32":0,"33":0,"34":1,"35":0,"36":0,"37":0,"38":1,"39":1,"40":0,"41":1,"42":0,"43":0,"44":1,"45":1},"f":{"0":1,"1":0,"2":0,"3":0,"4":0,"5":0,"6":0,"7":0,"8":0,"9":0,"10":0,"11":0},"b":{"0":[0,0]},"_coverageSchema":"332fd63041d2c1bcb487cc26dd0d5f7d97098a6c","hash":"1c195d6e83f901824fd00c6413145fa0039a817a"}
}
