TN:
SF:/Users/williammuxworthy/Documents/makers_academy/Splitr/setupTests.js
FNF:0
FNH:0
DA:1,14
DA:2,14
DA:5,14
LF:3
LH:3
BRF:0
BRH:0
end_of_record
TN:
SF:/Users/williammuxworthy/Documents/makers_academy/Splitr/components/listItem.js
FN:4,ListItem
FNF:1
FNH:1
FNDA:2,ListItem
DA:1,1
DA:2,1
DA:4,1
DA:5,2
DA:14,1
LF:5
LH:5
BRF:0
BRH:0
end_of_record
TN:
SF:/Users/williammuxworthy/Documents/makers_academy/Splitr/components/listTask.js
FN:4,ListTask
FNF:1
FNH:1
FNDA:2,ListTask
DA:1,1
DA:2,1
DA:4,1
DA:5,2
DA:15,1
LF:5
LH:5
BRF:0
BRH:0
end_of_record
TN:
SF:/Users/williammuxworthy/Documents/makers_academy/Splitr/components/listTrip.js
FN:4,ListTrip
FNF:1
FNH:1
FNDA:2,ListTrip
DA:1,1
DA:2,1
DA:4,1
DA:5,2
DA:17,1
LF:5
LH:5
BRF:0
BRH:0
end_of_record
TN:
SF:/Users/williammuxworthy/Documents/makers_academy/Splitr/components/nameInput.js
FN:4,(anonymous_0)
FN:4,NameInput
FN:4,render
FNF:3
FNH:3
FNDA:1,(anonymous_0)
FNDA:2,NameInput
FNDA:2,render
DA:1,1
DA:2,1
DA:4,2
DA:7,2
DA:14,1
LF:5
LH:5
BRF:0
BRH:0
end_of_record
TN:
SF:/Users/williammuxworthy/Documents/makers_academy/Splitr/components/priceInput.js
FN:4,(anonymous_0)
FN:4,PriceInput
FN:4,render
FNF:3
FNH:3
FNDA:1,(anonymous_0)
FNDA:2,PriceInput
FNDA:2,render
DA:1,1
DA:2,1
DA:4,2
DA:7,2
DA:14,1
LF:5
LH:5
BRF:0
BRH:0
end_of_record
TN:
SF:/Users/williammuxworthy/Documents/makers_academy/Splitr/components/submitButton.js
FN:4,(anonymous_0)
FN:4,SubmitButton
FN:4,render
FNF:3
FNH:3
FNDA:1,(anonymous_0)
FNDA:2,SubmitButton
FNDA:2,render
DA:1,1
DA:2,1
DA:4,2
DA:7,2
DA:14,1
LF:5
LH:5
BRF:0
BRH:0
end_of_record
TN:
SF:/Users/williammuxworthy/Documents/makers_academy/Splitr/redux/store.js
FN:14,configureStore
FNF:1
FNH:0
FNDA:0,configureStore
DA:1,4
DA:2,4
DA:3,4
DA:4,4
DA:5,4
DA:7,4
DA:14,4
DA:15,0
DA:18,4
LF:9
LH:8
BRF:0
BRH:0
end_of_record
TN:
SF:/Users/williammuxworthy/Documents/makers_academy/Splitr/redux/actions/name.js
FN:3,addName
FNF:1
FNH:1
FNDA:1,addName
DA:1,2
DA:3,2
DA:4,1
DA:8,2
LF:4
LH:4
BRF:0
BRH:0
end_of_record
TN:
SF:/Users/williammuxworthy/Documents/makers_academy/Splitr/redux/actions/nameSelected.js
FN:3,nameSelected
FNF:1
FNH:1
FNDA:1,nameSelected
DA:1,2
DA:3,2
DA:4,1
DA:8,2
LF:4
LH:4
BRF:0
BRH:0
end_of_record
TN:
SF:/Users/williammuxworthy/Documents/makers_academy/Splitr/redux/actions/task.js
FN:3,addTask
FNF:1
FNH:1
FNDA:1,addTask
DA:1,2
DA:3,2
DA:4,1
DA:8,2
LF:4
LH:4
BRF:0
BRH:0
end_of_record
TN:
SF:/Users/williammuxworthy/Documents/makers_academy/Splitr/redux/actions/trip.js
FN:3,addTrip
FNF:1
FNH:1
FNDA:1,addTrip
DA:1,2
DA:3,2
DA:4,1
DA:8,2
LF:4
LH:4
BRF:0
BRH:0
end_of_record
TN:
SF:/Users/williammuxworthy/Documents/makers_academy/Splitr/redux/actions/types.js
FNF:0
FNH:0
DA:1,8
DA:2,8
DA:3,8
DA:4,8
LF:4
LH:4
BRF:0
BRH:0
end_of_record
TN:
SF:/Users/williammuxworthy/Documents/makers_academy/Splitr/redux/reducers/nameReducer.js
FN:7,nameReducer
FNF:1
FNH:1
FNDA:11,nameReducer
DA:1,4
DA:3,4
DA:7,11
DA:8,11
DA:10,2
DA:18,9
DA:22,4
LF:7
LH:7
BRDA:7,0,0,2
BRDA:7,0,1,9
BRDA:7,1,0,11
BRDA:7,1,1,11
BRDA:7,2,0,11
BRDA:7,2,1,0
BRDA:8,3,0,2
BRDA:8,3,1,9
BRF:8
BRH:7
end_of_record
TN:
SF:/Users/williammuxworthy/Documents/makers_academy/Splitr/redux/reducers/nameSelectedReducer.js
FN:7,nameSelectedReducer
FNF:1
FNH:1
FNDA:9,nameSelectedReducer
DA:1,4
DA:3,4
DA:7,9
DA:8,9
DA:10,0
DA:17,9
DA:22,4
LF:7
LH:6
BRDA:7,0,0,0
BRDA:7,0,1,9
BRDA:7,1,0,9
BRDA:7,1,1,9
BRDA:7,2,0,9
BRDA:7,2,1,0
BRDA:8,3,0,0
BRDA:8,3,1,9
BRF:8
BRH:5
end_of_record
TN:
SF:/Users/williammuxworthy/Documents/makers_academy/Splitr/redux/reducers/taskReducer.js
FN:7,taskReducer
FNF:1
FNH:1
FNDA:11,taskReducer
DA:1,4
DA:3,4
DA:7,11
DA:8,11
DA:10,2
DA:18,9
DA:23,4
LF:7
LH:7
BRDA:7,0,0,2
BRDA:7,0,1,9
BRDA:7,1,0,11
BRDA:7,1,1,11
BRDA:7,2,0,11
BRDA:7,2,1,0
BRDA:8,3,0,2
BRDA:8,3,1,9
BRF:8
BRH:7
end_of_record
TN:
SF:/Users/williammuxworthy/Documents/makers_academy/Splitr/redux/reducers/tripReducer.js
FN:8,tripReducer
FNF:1
FNH:1
FNDA:11,tripReducer
DA:1,4
DA:3,4
DA:8,11
DA:9,11
DA:11,2
DA:20,9
DA:24,4
LF:7
LH:7
BRDA:8,0,0,2
BRDA:8,0,1,9
BRDA:8,1,0,11
BRDA:8,1,1,11
BRDA:8,2,0,11
BRDA:8,2,1,0
BRDA:9,3,0,2
BRDA:9,3,1,9
BRF:8
BRH:7
end_of_record
