TN:
SF:/Users/williammuxworthy/Documents/makers_academy/Splitr/setupTests.js
FNF:0
FNH:0
DA:1,6
DA:2,6
DA:5,6
LF:3
LH:3
BRF:0
BRH:0
end_of_record
TN:
SF:/Users/williammuxworthy/Documents/makers_academy/Splitr/components/listItem.js
FN:4,ListItem
FNF:1
FNH:1
FNDA:2,ListItem
DA:1,1
DA:2,1
DA:4,1
DA:5,2
DA:14,1
LF:5
LH:5
BRF:0
BRH:0
end_of_record
TN:
SF:/Users/williammuxworthy/Documents/makers_academy/Splitr/components/listTask.js
FN:4,ListTask
FNF:1
FNH:1
FNDA:2,ListTask
DA:1,1
DA:2,1
DA:4,1
DA:5,2
DA:15,1
LF:5
LH:5
BRF:0
BRH:0
end_of_record
TN:
SF:/Users/williammuxworthy/Documents/makers_academy/Splitr/components/listTrip.js
FN:4,ListTrip
FNF:1
FNH:1
FNDA:2,ListTrip
DA:1,1
DA:2,1
DA:4,1
DA:5,2
DA:17,1
LF:5
LH:5
BRF:0
BRH:0
end_of_record
TN:
SF:/Users/williammuxworthy/Documents/makers_academy/Splitr/components/nameInput.js
FN:4,(anonymous_0)
FN:4,NameInput
FN:4,render
FNF:3
FNH:3
FNDA:1,(anonymous_0)
FNDA:2,NameInput
FNDA:2,render
DA:1,1
DA:2,1
DA:4,2
DA:7,2
DA:14,1
LF:5
LH:5
BRF:0
BRH:0
end_of_record
TN:
SF:/Users/williammuxworthy/Documents/makers_academy/Splitr/components/priceInput.js
FN:4,(anonymous_0)
FN:4,PriceInput
FN:4,render
FNF:3
FNH:3
FNDA:1,(anonymous_0)
FNDA:2,PriceInput
FNDA:2,render
DA:1,1
DA:2,1
DA:4,2
DA:7,2
DA:14,1
LF:5
LH:5
BRF:0
BRH:0
end_of_record
TN:
SF:/Users/williammuxworthy/Documents/makers_academy/Splitr/components/submitButton.js
FN:4,(anonymous_0)
FN:4,SubmitButton
FN:4,render
FNF:3
FNH:3
FNDA:1,(anonymous_0)
FNDA:2,SubmitButton
FNDA:2,render
DA:1,1
DA:2,1
DA:4,2
DA:7,2
DA:14,1
LF:5
LH:5
BRF:0
BRH:0
end_of_record
